[    0.000000 Initializing cgroup subsys cpuset
[    0.000000] Initializing cgroup subsys cpu
[    0.000000] Initializing cgroup subsys cpuacct
[    0.000000] Linux version 4.4.0-34-generic (buildd@lgw01-20) (gcc version 5.3.1 20160413 (Ubuntu 5.3.1-14ubuntu2.1) ) #53-Ubuntu SMP Wed Jul 27 16:06:39 UTC 2016 (Ubuntu 4.4.0-34.53-generic 4.4.15)
[    0.000000] Command line: BOOT_IMAGE=/boot/vmlinuz-4.4.0-34-generic root=LABEL=cloudimg-rootfs ro console=tty1 console=ttyS0
[    0.00000] KERNEL supported cpus:
[    0.000000]   Intel GenuineIntel
[    0.000000]   D AuthenticMD
[  0.000000]   Centaur CetarHauls
[   0.00000] x86/fpu:Leacy x87FP deteced
[    0.000000 x86/fpu: Using 'lazy' PU cotet swtces.[    .00000 e20: BIS-rovided physicalRA map:[    0.000000] BIOS-820: [mem 0x0000000000000000-0x000000000009fbff] usable
[   0.000000] BIOS-e820: [mem 0x0000000009fc00-0x000000000009ffff] resered
[    0.00000] BIOS-e820: [mm x00000000f000-0000000000ffff] reered
[   0000000] BIS-820: [mem0x0000000010000-0x0000003ffeffff usale
[  0.000000] BIOS-e20 [mem 0x0000003ff000-0x000000003fffffff] APIdata
[  0.0000] BIOSe80: [mem 000000000ff0000-0x00000000ffffff]reserved
[  0.000000] NX (Execue isable)prtecio: actve
[   0.0000] MBIOS .5present
    0.000000] e820: last_pfn = 0x3fff0 max_arch_pfn = 0x400000000
[    0.000000] x86/PAT: Configuration [0-7]: WB  WC  UC- UC  WB  WC  UC- WT  
[    0.000000] MTRR: Disabled
[    0.000000] CPU MTRRs all blank - virtualized system.
[    0.000000] found SMP MP-table at [mem 0x0009fff0-0x0009ffff] mapped at [ffff88000009fff0]
[    0.000000] Scanning 1 areas for low memory corruption
[    0.000000] RAMDISK: [mem 0x371b4000-0x378d1fff]
[    0.000000] ACPI: Early table checksum verification disabled
[    0.000000] ACPI: RSDP 0x00000000000E0000 000024 (v02 VBOX  )
[    0.000000] ACPI: XSDT 0x000000003FFF0030 00003C (v01 VBOX   VBOXXSDT 00000001 ASL  00000061)
[    0.000000] ACPI: FACP 0x000000003FFF00F0 0000F4 (v04 VBOX   VBOXFACP 00000001 ASL  00000061)
[    0.000000] ACPI: DSDT 0x000000003FFF0470 01BF1 (v01 VBOX   VBOXBIOS 0000002 INTL 20140926)
[    0.000000] ACPI: FACS 0x000000003FFF0200 000040
[    0.000000] ACPI: FACS 0x000000003FFF0200 000040
[    0.000000] ACPI: APIC 0x00000003FFF0240 00005C (v02 VBX  VBOXAPIC 00000001 SL 00000061)
[   000000] ACPI: SDT 0x000000003FFF2A 0001CC(v1 VBOX  BOXCPUT0000002 INL 20140926)
[    0.000000] o NUA onfiurtion fun
[    0.000000] akng a noe t [mem 0x00000000000000-0x000000003ffeffff]
[    0.000000] NODE_DATA(0) allocated [mem 0x3ffeb000-0x3ffeffff]
[    0.000000] Zone ranges:
[    0.000000]   DMA      [mem 0x0000000000001000-0x0000000000ffffff]
[    0.000000]   DMA32    [mem 0x0000000001000000-0x000000003ffeffff]
[    0.000000]   Normal   empty
[    0.000000]   Device   empty
[    0.000000] Movable zone start for each node
[    0.000000] Early memory node ranges
[    0.000000]   node   0: [mem 0x0000000000001000-0x000000000009efff]
[    0.000000]   node   0: [mem 0x0000000000100000-0x000000003ffeffff]
[    0.000000] Initmem setup node 0 [mem 0x0000000000001000-0x000000003ffeffff]
[    0.000000] ACPI: PM-Timer IO Port: 0x4008
[    0.000000] IOAPIC[0]: apic_id 2, version 17, address 0xfec00000, GSI 0-23
[    0.000000] ACPI: INT_SRC_OVR (bus 0 bus_irq 0 global_irq 2 dfl dfl)
[    0.000000] ACPI: INT_SRC_OVR (bus 0 bus_irq 9 global_irq 9 high level)
[    0.000000] Using ACPI (MADT) for SMP configuration information
[    0.000000] smpboot: Allowing 2 CPUs, 0 hotplug CPUs
[    0.000000] PM: Registered nosave memory: [me 0x00000000-0x00000fff]
[    0.000000] PM: Registered nosave memory: [mem 0x0009f000-0x0009ffff]
[    0.000000] PM: Registered nosave memory: [mem 0x000a0000-0x000effff]
[    0.000000] PM: Registered nosave memory: [mem 0x000f0000-0x000fffff]
[    0.000000] e820: [mem 0x40000000-0xfffbffff] available for PCI devices
[    0.000000] Booting paravirtualized kernel on bare hardware
[    0.000000] clocksource: refined-jiffies: mask: 0xffffffff max_cycles: 0xffffffff, max_idle_ns: 7645519600211568 ns
[    0.000000] etup_percpu: NR_CPUS:256 nr_cpumask_bits:256 nr_cpu_ids:2 nr_node_ids:1
[    0.000000] PERCPU: Embedded 33 pages/cpu @ffff88003fc00000 s98008 r8192 d28968 u1048576
[    0.000000] Built 1 zonelists in Noe order, mobility gruping on.  Total pags: 25913
[   .00000Poliy one: DMA32
[  0.00000 Kerelcomman lne: BOOT_IMAGE=/boot/vmlinuz-44.-34-generic rootLAEL=cloudig-ootfs ro consle=ty1conslettyS0[   .000000] PID hah able entries: 4096order: 3, 32768 bytes)
[   0.000000] Memory: 10572K/1048120K avalale (8394K kernelcoe, 1282K wdta, 3944 rodata,140K ini, 292K bss, 42748 rservd,0K cma-resered
[   0000000]SLB: Halgn=64, Order=0-3, MnOjects=, PUs=2, Nodes=1
[    0.000000] ierarchica RCUimlementation.
[    0.000000] 	Build-time adjustment of laffanot o 64.
[  0.000000] 	RCU restrictngCPUs from NR_CUS256 tonrcpu_ids=2.
[   0.00000] RCU Ajusting geometry fr cu_fanout_leaf=64, nr_cpu_ids=2
[    0.000000] NR_IRQS:16640 nr_irqs:440 16
[    0.000000] Console: colour VGA+ 80x25
[    0.000000] console [tty1] enabled
[    0.000000] console [ttyS0] enabled
[    0.000000] tsc: Fast TSC calibration using PIT
[    0.000000] tsc: Detected 2397.827 MHz processor
[    0.008030] Calibrating delay loop (skipped), value calculated using timer frequency.. 4795.65 BogoMIPS (lpj=9591308)
[    0.016017] pid_max: default: 32768 minimum: 301
[    0.020031] ACPI: Core revision 20150930
[    0.024952] ACPI: 2 ACPI AML tables successfully acquired and loaded
[    0.036044] Security Framework initialized
[    0.040024] Yama: becoming mindful.
[    0.044063] AppArmor: AppArmor initialized
[    0.048159] Dentry cache hash table entries: 131072 (order: 8, 1048576 bytes)
[    0.056344] Inode-cache hash table entries: 65536 (order: 7, 524288 bytes)
[    0.060992] Mount-cache hash table entries: 2048 (order: 2, 16384 bytes)
[    0.064030] Mountpoint-cache hash table entries: 2048 (order: 2, 16384 bytes)
[    0.065960] Initializing cgroup subsys io
[    0.068019] Initializing cgroup subsys memory
[    0.069348] Initializing cgroup subsys devices
[    0.070497] Initializing cgroup subsys freezer
[    0.072017] Initializing cgroup subsys net_cls
[    0.073167] Initializing cgroup subsys perf_event
[    0.074366] Initializing cgroup subsys net_prio
[    0.075530] Initializing cgroup subsys hugetlb
[    0.076021] Initializing cgroup subsys pids
[    0.077255] CPU: Physical Processor ID: 0
[    0.078326] CPU: Processor Core ID: 0
[    0.080028] mce: CPU supports 0 MCE banks
[    0.084063] Last level iTLB entries: 4KB 512, 2MB 7, 4MB 7
[    0.088015] Last level dTLB entries: 4KB 512, 2MB 32, 4MB 32, 1GB 0
[    0.096829] Freeing SMP alternatives memory: 28K (ffffffff820b4000 - ffffffff820bb000)
[    0.115338] ftrace: allocating 31994 entries in 125 pages
[    0.124169] smpboot: Max logical packages: 1
[    0.128016] smpboot: APIC(0) Converting physical 0 to logical package 0
[    0.133360] ..TIMER: vector=0x30 apic1=0 pin1=2 apic2=-1 pin2=-1
[    0.180000] smpboot: CPU0: Intel(R) Core(TM) i5 CPU       M 520  @ 2.40GHz (family: 0x6, model: 0x25, stepping: 0x2)
[    0.192031] Performance Events: unsupported p6 CPU model 37 no PMU driver, software events only.
[    0.202100] NMI watchdog: disabled (cpu0): hardware events not enabled
[    0.204020] NMI watchdog: Shutting down hard lockup detector on all cpus
[    0.205968] x86: Booting SMP configuration:
[    0.208022] .... node  #0, CPUs:      #1
[    0.012000] mce: CPU supports 0 MCE banks
[    0.216075] x86: Booted up 1 node, 2 CPUs
[    0.220023] smpboot: Total of 2 processors activated (9591.30 BogoMIPS)
[    0.224494] devtmpfs: initialized
[    0.232120] evm: security.selinux
[    0.236012] evm: security.SMACK64
[    0.240009] evm: security.SMACK64EXEC
[    0.244009] evm: security.SMACK64TRANSMUTE
[    0.248009] evm: security.SMACK64MMAP
[    0.252010] evm: security.ima
[    0.256010] evm: security.capability
[    0.260205] clocksource: jiffies: mask: 0xffffffff max_cycles: 0xffffffff, max_idle_ns: 7645041785100000 ns
[    0.264145] pinctrl core: initialized pinctrl subsystem
[    0.268214] RTC time: 15:08:06, date: 08/16/16
[    0.272332] NET: Registered protocol family 16
[    0.288027] cpuidle: using governor ladder
[    0.304040] cpuidle: using governor menu
[    0.308038] PCCT header not found.
[    0.309227] ACPI: bus type PCI registered
[    0.310199] acpiphp: ACPI Hot Plug PCI Controller Driver version: 0.5
[    0.312153] PCI: Using configuration type 1 for base access
[    0.332306] ACPI: Added _OSI(Module Device)
[    0.336015] ACPI: Added _OSI(Processor Device)
[    0.337124] ACPI: Added _OSI(3.0 _SCP Extensions)
[    0.337882] ACPI: Added _OSI(Processor Aggregator Device)
[    0.340730] ACPI: Executed 1 blocks of module-level executable AML code
[    0.346888] ACPI: Interpreter enabled
[    0.424021] ACPI Exception: AE_NOT_FOUND, While evaluating Sleep State [\_S1_] (20150930/hwxface-580)
[    0.668317] ACPI Exception: AE_NOT_FOUND, While evaluating Sleep State [\_S2_] (20150930/hwxface-580)
[    0.744649] ACPI Exception: AE_NOT_FOUND, While evaluating Sleep State [\_S3_] (20150930/hwxface-580)
[    0.752034] ACPI Exception: AE_NOT_FOUND, While evaluating Sleep State [\_S4_] (20150930/hwxface-580)
[    0.764040] ACPI: (supports S0 S5)
[    0.776016] ACPI: Using IOAPIC for interrupt routing
[    0.784288] PCI: Using host bridge windows from ACPI; if necessary, use "pci=nocrs" and report a bug
[    0.798486] ACPI: PCI Root Bridge [PCI0] (domain 0000 [bus 00-ff])
[    0.809198] acpi PNP0A03:00: _OSC: OS supports [ASPM ClockPM Segments MSI]
[    0.809527] acpi PNP0A03:00: _OSC failed (AE_NOT_FOUND); disabling ASPM
[    0.810789] acpi PNP0A03:00: fail to add MMCONFIG information, can't access extended PCI configuration space under this bridge.
[    0.814535] PCI host bridge to bus 0000:00
[    0.864024] pci_bus 0000:00: root bus resource [io  0x0000-0x0cf7 window]
[    1.056019] pci_bus 0000:00: root bus resource [io  0x0d00-0xffff window]
[    1.248018] pci_bus 0000:00: root bus resource [mem 0x000a0000-0x000bffff window]
[    1.473079] pci_bus 0000:00: root bus resource [mem 0x40000000-0xffdfffff window]
[    1.532015] pci_bus 0000:00: root bus resource [bus 00-ff]
[    1.536235] pci 0000:00:01.1: legacy IDE quirk: reg 0x10: [io  0x01f0-0x01f7]
[    1.537497] pci 0000:00:01.1: legacy IDE quirk: reg 0x14: [io  0x03f6]
[    1.538742] pci 0000:00:01.1: legacy IDE quirk: reg 0x18: [io  0x0170-0x0177]
[    1.539983] pci 0000:00:01.1: legacy IDE quirk: reg 0x1c: [io  0x0376]
[    1.592056] ACPI: PCI Interrupt Link [LNKA] (IRQs 5 9 10 11) *0, disabled.
[    1.756574] ACPI: PCI Interrupt Link [LNKB] (IRQs 5 9 10 *11)
[    1.824954] ACPI: PCI Interrupt Link [LNKC] (IRQs 5 9 *10 11)
[    1.832166] ACPI: PCI Interrupt Link [LNKD] (IRQs 5 *9 10 11)
[    1.840888] ACPI: Enabled 2 GPEs in block 00 to 07
[    1.844120] vgaarb: setting as boot device: PCI:0000:00:02.0
[    1.848000] vgaarb: device added: PCI:0000:00:02.0,decodes=io+mem,owns=io+mem,locks=none
[    1.884019] vgaarb: loaded
[    1.892015] vgaarb: bridge control possible 0000:00:02.0
[    1.893501] SCSI subsystem initialized
[    1.896121] ACPI: bus type USB registered
[    1.897681] usbcore: registered new interface driver usbfs
[    1.900070] usbcore: registered new interface driver hub
[    1.904076] usbcore: registered new device driver usb
[    1.905694] PCI: Using ACPI for IRQ routing
[    1.908337] NetLabel: Initializing
[    1.912011] NetLabel:  domain hash size = 128
[    1.913040] NetLabel:  protocols = UNLABELED CIPSOv4
[    1.916037] NetLabel:  unlabeled traffic allowed by default
[    1.917378] clocksource: Switched to clocksource refined-jiffies
[    1.932417] AppArmor: AppArmor Filesystem Enabled
[    1.936338] pnp: PnP ACPI init
[    1.940838] pnp: PnP ACPI: found 4 devices
[    1.958425] clocksource: acpi_pm: mask: 0xffffff max_cycles: 0xffffff, max_idle_ns: 2085701024 ns
[    1.960087] clocksource: Switched to clocksource acpi_pm
[    1.961946] NET: Registered protocol family 2
[    1.963739] TCP established hash table entries: 8192 (ordr: 4, 65536 bytes)
[    2.021750] TCP bind hash table entries: 8192 (order: 5, 131072 bytes)
[    2.023204] TCP: Hash tables configured (established 8192 bind 8192)
[    2.024648] UDP hash table entries: 512 (order: 2, 16384 bytes)
[    2.025945] UDP-teastae enie 5 (de:  184yt)
[  .470 N: Registered protocol family 1
[   99801]ci00:00:000:imindict PI/CIrafe
    54472pc00:001: titig ISA DMAha wkaun
[   6.52] ryg o unacrootfs image as initramfs...

[    9.061716] Freeing initrd memory: 7288K (ffff8800371b4000 - ffff8800378d2000)
[    9.143529] platform rtc_cmos: registered platform RTC device (no PNP device found)
[    9.194647] Scanning for low memory corruption every 60 seconds
[    9.196591] futex hash table entries: 512 (order: 3, 32768 bytes)
[    9.197821] audit: initializing netlink subsys (disabled)
[    9.198936] audit: type=2000 audit(1471360086.195:1): initialized
[    9.200536] Initialise system trusted keyring
[    9.238100] HugeTLB registered 2 MB page size, pre-allocated 0 pages
[    9.242276] zbud: loaded
[   9.3829] VFS: Disk uota dot_66.

[    9.826505] VFS: Dquot-cache hash table entres51(oer, 96byte)  10.609497] tsc: Refined TSC clocksource calibration: 2397.737 MHz
[   0.53] ocoue:tsc:mak:xfffffffffffffff max_cycles: 0x228fddd248b, max_idle_ns: 440795258242 ns
[   11.800739] squashfs: version 4.0 (2009/01/31) Phillip Lougher
[   11.801120] fuse init (API version 7.23)
[   11.801329] Key type big_key registered
[   11.801358] Allocating IMA MOK and blacklist keyrings.
[   11.802366] Key type asymmetric registered
[   11.802379] Asymmetric key parser 'x509' registered
[   11.802428] Block layer SCSI generic (bsg) driver version 0.4 loaded (major 249)
[   11.802523] io scheduler noop registered
[   11.802527] io scheduler deadline registered (default)
[   11.802573] io scheduler cfq registered
[   11.802691] pci_hotplug: PCI Hot Plug PCI Core version: 0.5
[   11.802700] pciehp: PCI Express Hot Plug Controller Driver version: 0.4
[   11.802868] ACPI: AC Adapter [AC] (on-line)
[   11.802946] input: Power Button as /devices/LNXSYSTM:00/LNXPWRBN:00/input/input0
[   11.802952] ACPI: Power Button [PWRF]
[   11.803045] input: Sleep Button as /devices/LNXSYSTM:00/LNXSLPBN:00/input/input1
[   11.803049] ACPI: Sleep Button [SLPF]
[   11.803273] GHES: HEST is not enabled!
[   11.804095] ACPI: Battery Slot [BAT0] (battery present)
[   11.804159] Serial: 8250/16550 driver, 32 ports, IRQ sharing enabled
[   11.850113] 00:03: ttyS0 at I/O 0x3f8 (irq = 4, base_baud = 115200) is a 16550A
[   11.861895] Linux agpgart interface v0.103
[   11.887458] brd: module loaded
[   11.889477] loop: module loaded
[   11.890488] scsi host0: ata_piix
[   11.890635] scsi host1: ata_piix
[   11.890682] ata1: PATA max UDMA/33 cmd 0x1f0 ctl 0x3f6 bmdma 0xd000 irq 14
[   11.890686] ata2: PATA max UDMA/33 cmd 0x170 ctl 0x376 bmdma 0xd008 irq 15
[   11.890826] libphy: Fixed MDIO Bus: probed
[   11.890830] tun: Universal TUN/TAP device driver, 1.6
[   11.890833] tun: (C) 1999-2004 Max Krasnyansky <maxk@qualcomm.com>
[   11.891266] PPP generic driver version 2.4.2
[   11.891351] ehci_hcd: USB 2.0 'Enhanced' Host Controller (EHCI) Driver
[   11.891359] ehci-pci: EHCI PCI platform driver
[   11.891383] ehci-platform: EHCI generic platform driver
[   11.891395] ohci_hcd: USB 1.1 'Open' Host Controller (OHCI) Driver
[   11.891401] ohci-pci: OHCI PCI platform driver
[   11.891413] ohci-platform: OHCI generic platform driver
[   11.891423] uhci_hcd: USB Universal Host Controller Interface driver
[   11.891496] i8042: PNP: PS/2 Controller [PNP0303:PS2K,PNP0f03:PS2M] at 0x60,0x64 irq 1,12
[   11.897333] serio: i8042 KBD port at 0x60,0x64 irq 1
[   11.897345] serio: i8042 AUX port at 0x60,0x64 irq 12
[   11.897521] mousedev: PS/2 mouse device common for all mice
[   11.897970] rtc_cmos rtc_cmos: rtc core: registered rtc_cmos as rtc0
[   11.898080] rtc_cmos rtc_cmos: alarms up to one day, 114 bytes nvram
[   11.898098] i2c /dev entries driver
[   11.898206] device-mapper: uevent: version 1.0.3
[   11.898355] device-mapper: ioctl: 4.34.0-ioctl (2015-10-28) initialised: dm-devel@redhat.com
[   11.898387] ledtrig-cpu: registered to indicate activity on CPUs
[   11.898943] NET: Registered protocol family 10
[   11.899302] NET: Registered protocol family 17
[   11.899321] Key type dns_resolver registered
[   11.900902] microcode: CPU0 sig=0x20652, pf=0x4, revision=0x616
[   11.929088] microcode: CPU1 sig=0x20652, pf=0x4, revision=0x616
[   11.929222] microcode: Microcode Update Driver: v2.01 <tigran@aivazian.fsnet.co.uk>, Peter Oruba
[   11.929453] registered taskstats version 1
[   11.929475] Loading compiled-in X.509 certificates
[   11.930410] Loaded X.509 cert 'Build time autogenerated kernel key: c40ffa48d8617ce4553ee3ab59017c95e74f2501'
[   11.930470] zswap: loaded using pool lzo/zbud
[   11.933087] Key type trusted registered
[   11.936736] Key type encrypted registered
[   11.936745] AppArmor: AppArmor sha1 policy hashing enabled
[   11.936752] ima: No TPM chip found, activating TPM-bypass!
[   11.936790] evm: HMAC attrs: 0x1
[   11.937153]   Magic number: 12:868:133
[   11.939577] rtc_cmos rtc_cmos: setting system clock to 2016-08-16 15:08:18 UTC (1471360098)
[   11.939787] BIOS EDD facility v0.16 2004-Jun-25, 0 devices found
[   11.939790] EDD information not available.
[   12.088762] input: AT Translated Set 2 keyboard as /devices/platform/i8042/serio0/input/input2
[   13.683631] Freeing unused kernel memory: 1480K (ffffffff81f42000 - ffffffff820b4000)
[   13.688265] Write protecting the kernel read-only data: 14336k
[   13.692713] Freeing unused kernel memory: 1832K (ffff880001836000 - ffff880001a00000)
[   13.700821] Freeing unused kernel memory: 152K (ffff880001dda000 - ffff880001e00000)
Loading, please wait...
starting version[   13.734806] random: systemd-udevd urandom read with 4 bits of entropy available
 229
[   13.802085] e1000: Intel(R) PRO/1000 Network Driver - version 7.3.21-k8-NAPI
[   13.809314] e1000: Copyright (c) 1999-2006 Intel Corporation.
[   13.824771] Fusion MPT base driver 3.04.20
[   13.831399] Copyright (c) 1999-2008 LSI Corporation
[   13.842641] Fusion MPT SPI Host driver 3.04.20
[   14.070552] input: ImExPS/2 Generic Explorer Mouse as /devices/platform/i8042/serio1/input/input4
[   14.353671] e1000 0000:00:03.0 eth0: (PCI:33MHz:32-bit) 02:af:4b:8e:d4:f5
[   14.356552] e1000 0000:00:03.0 eth0: Intel(R) PRO/1000 Network Connection
[   14.359580] mptbase: ioc0: Initiating bringup
[   14.361666] e1000 0000:00:03.0 enp0s3: renamed from eth0
[   14.467115] ioc0: LSI53C1030 A0: Capabilities={Initiator}
[   14.692374] clocksource: Switched to clocksource tsc
[   14.891054] scsi host2: ioc0: LSI53C1030 A0, FwRev=00000000h, Ports=1, MaxQ=256, IRQ=20
[   15.177319] scsi 2:0:0:0: Direct-Access     VBOX     HARDDISK         1.0  PQ: 0 ANSI: 5
[   15.266092] scsi target2:0:0: Beginning Domain Validation
[   15.347356] scsi target2:0:0: Domain Validation skipping write tests
[   15.351152] scsi target2:0:0: Ending Domain Validation
[   15.352468] scsi target2:0:0: asynchronous
[   15.358186] scsi 2:0:1:0: Direct-Access     VBOX     HARDDISK         1.0  PQ: 0 ANSI: 5
[   15.363321] scsi target2:0:1: Beginning Domain Validation
[   15.371038] scsi target2:0:1: Domain Validation skipping write tests
[   15.378130] scsi target2:0:1: Ending Domain Validation
[   15.379567] scsi target2:0:1: asynchronous
[   15.418426] sd 2:0:0:0: [sda] 20971520 512-byte logical blocks: (10.7 GB/10.0 GiB)
[   15.428424] sd 2:0:0:0: Attached scsi generic sg0 type 0
[   15.429357] sd 2:0:1:0: Attached scsi generic sg1 type 0
[   15.437908] sd 2:0:1:0: [sdb] 20480 512-byte logical blocks: (10.5 MB/10.0 MiB)
[   15.438177] sd 2:0:0:0: [sda] Write Protect is off
[   15.438373] sd 2:0:0:0: [sda] Incomplete mode parameter data
[   15.438379] sd 2:0:0:0: [sda] Assuming drive cache: write through
[   15.449967] sd 2:0:1:0: [sdb] Write Protect is off
[   15.493901]  sda: sda1
[   15.518083] sd 2:0:1:0: [sdb] Incomplete mode parameter data
[   15.519169] sd 2:0:0:0: [sda] Attached SCSI disk
[   15.522846] sd 2:0:1:0: [sdb] Assuming drive cache: write through
[   15.552731] sd 2:0:1:0: [sdb] Attached SCSI disk
[   16.924261] floppy0: no floppy controllers found
Begin: Loading e[   18.491584] md: linear personality registered for level -1
ssential drivers ... [   18.498885] md: multipath personality registered for level -4
[   18.661926] md: raid0 personality registered for level 0
[   18.671576] md: raid1 personality registered for level 1
[   18.778981] raid6: sse2x1   gen()  6655 MB/s
[   18.850524] raid6: sse2x1   xor()  5321 MB/s
[   18.927153] raid6: sse2x2   gen()  7928 MB/s
[   19.006581] raid6: sse2x2   xor()  6744 MB/s
[   19.086933] raid6: sse2x4   gen()  9770 MB/s
[   19.246740] raid6: sse2x4   xor()  7074 MB/s
[   19.253261] raid6: using algorithm sse2x4 gen() 9770 MB/s
[   19.254353] raid6: .... xor() 7074 MB/s, rmw enabled
[   19.255389] raid6: using ssse3x2 recovery algorithm
[   19.260103] xor: measuring software checksum speed
[   19.344045]    prefetch64-sse: 11455.000 MB/sec
[   19.444048]    generic_sse: 10244.000 MB/sec
[   19.496483] xor: using function: prefetch64-sse (11455.000 MB/sec)
[   19.583490] async_tx: api initialized (async)
[   19.599137] md: raid6 personality registered for level 6
[   19.605821] md: raid5 personality registered for level 5
[   19.607169] md: raid4 personality registered for level 4
[   19.649141] md: raid10 personality registered for level 10
done.
Begin: Running /scripts/init-premount ... done.
Begin: Mounting root file system ... Begin: Running /scripts/local-top ... done.
Begin: Running /scripts/local-premount ... [   19.720830] Btrfs loaded
Scanning for Btrfs filesystems
done.
Warning: fsck not present, so skipping root file system
[   19.932249] EXT4-fs (sda1): mounted filesystem with ordered data mode. Opts: (null)
done.
Begin: Running /scripts/local-bottom ... done.
Begin: Running /scripts/init-bottom ... Warning: overlayroot: debug is busted
done.
[   20.577967] systemd[1]: systemd 229 running in system mode. (+PAM +AUDIT +SELINUX +IMA +APPARMOR +SMACK +SYSVINIT +UTMP +LIBCRYPTSETUP +GCRYPT +GNUTLS +ACL +XZ -LZ4 +SECCOMP +BLKID +ELFUTILS +KMOD -IDN)
[   20.584157] systemd[1]: Detected virtualization oracle.
[   20.590037] systemd[1]: Detected architecture x86-64.

Welcome to [1mUbuntu 16.04.1 LTS[0m!

[   20.641584] systemd[1]: Set hostname to <ubuntu>.
[  20.691486] systemd[1]: Initializing machine ID from random generator.
[   20.807170] systemd[1]: Installed transient /etc/machine-id file.
[   21.045484] random: nonblocking pool is initialized
[   21.410168] systemd[1]: Listening on /dev/initctl Compatibility Named Pipe.
[[0;32m  OK  [0m] Listening on /dev/initctl Compatibility Named Pipe.
[   21.598897] systemd[1]: Reached target User and Group Name Lookups.
[[0;32m  OK  [0m] Reached target User and Group Name Lookups.
[   21.606247] systemd[1]: Started Forward Password Requests to Wall Directory Watch.
[[0;32m  OK  [0m] Started Forward Password Requests to Wall Directory Watch.
[   21.614300] systemd[1]: Listening on udev Kernel Socket.
[[0;32m  OK  [0m] Listening on udev Kernel Socket.
[   21.623588] systemd[1]: Created slice User and Session Slice.
[[0;32m  OK  [0m] Created slice User and Session Slice.
[   21.627094] systemd[1]: Listening on Journal Socket (/dev/log).
[[0;32m  OK  [0m] Listening on Journal Socket (/dev/log).
[   21.631225] systemd[1]: Listening on LVM2 metadata daemon socket.
[[0;32m  OK  [0m] Listening on LVM2 metadata daemon socket.
[   21.636316] systemd[1]: Listening on Journal Audit Socket.
[[0;32m  OK  [0m] Listening on Journal Audit Socket.
[   21.640141] systemd[1]: Set up automount Arbitrary Executable File Formats File System Automount Point.
[[0;32m  OK  [0m] Set up automount Arbitrary Executab...ats File System Automount Point.
[   21.645160] systemd[1]: Reached target Swap.
[[0;32m  OK  [0m] Reached target Swap.
[   21.648320] systemd[1]: Reached target Encrypted Volumes.
[[0;32m  OK  [0m] Reached target Encrypted Volumes.
[   21.653126] systemd[1]: Listening on udev Control Socket.
[[0;32m  OK  [0m] Listening on udev Control Socket.
[   21.656428] systemd[1]: Listening on Syslog Socket.
[[0;32m  OK  [0m] Listening on Syslog Socket.
[   21.659792] systemd[1]: Listening on Journal Socket.
[[0;32m  OK  [0m] Listening on Journal Socket.
[   21.677166] systemd[1]: Listening on Device-mapper event daemon FIFOs.
[[0;32m  OK  [0m] Listening on Device-mapper event daemon FIFOs.
[   21.681223] systemd[1]: Listening on LVM2 poll daemon socket.
[[0;32m  OK  [0m] Listening on LVM2 poll daemon socket.
[   21.686659] systemd[1]: Created slice System Slice.
[[0;32m  OK  [0m] Created slice System Slice.
[   21.708275] systemd[1]: Mounting POSIX Message Queue File System...
         Mounting POSIX Message Queue File System...
[   21.811916] systemd[1]: Starting Remount Root and Kernel File Systems...
[   21.816563] EXT4-fs (sda1): re-mounted. Opts: (null)
         Starting Remount Root and Kernel File Systems...
[   22.008367] systemd[1]: Starting Monitoring of LVM2 mirrors, snapshots etc. using dmeventd or progress polling...
         Starting Monitoring of LVM2 mirrors... dmeventd or progress polling...
[   22.041741] systemd[1]: Mounting Debug File System...
         Mounting Debug File System...
[   22.065455] systemd[1]: Starting Set console keymap...
         Starting Set console keymap...
[   22.082335] systemd[1]: Created slice system-serial\x2dgetty.slice.
[[0;32m  OK  [0m] Created slice system-serial\x2dgetty.slice.
[   22.108660] systemd[1]: Mounting Huge Pages File System...
         Mounting Huge Pages File System...
[   22.127661] systemd[1]: Starting Load Kernel Modules...
         Starting Load Kernel Modules...
[   22.146292] systemd[1]: Starting Uncomplicated firewall...
         Starting Uncomplicated firewall...
[   22.151323] systemd[1]: Reached target Slices.
[[0;32m  OK  [0m] Reached target Slices.
[   22.155481] systemd[1]: Starting Nameserver information manager...
         Starting Nameserver information manager...
[   22.181406] systemd[1]: Starting Journal Service...
         Starting Journal Service...
[   22.190735] systemd[1]: Starting Create list of required static device nodes for the current kernel...
         Starting Create list of required st... nodes for the current kernel...
[   22.199877] Loading iSCSI transport class v2.0-870.
[   22.200614] systemd[1]: Mounted POSIX Message Queue File System.
[[0;32m  OK  [0m] Mounted POSIX Message Queue File System.
[   22.206267] systemd[1]: Mounted Debug File System.
[[0;32m  OK  [0m] Mounted Debug File System.
[   22.208805] systemd[1]: Mounted Huge Pages File System.
[[0;32m  OK  [0m] Mounted Huge Pages File System.
[   22.217836] systemd[1]: Started Remount Root and Kernel File Systems.
[[0;32m  OK  [0m] Started Remount Root and Kernel File Systems.
[   22.226128] systemd[1]: Started Set console keymap.
[[0;32m  OK  [0m] Started Set console keymap.
[   22.243204] systemd[1]: Started Uncomplicated firewall.
[[0;32m  OK  [0[   22.326069] iscsi: registered transport (tcp)
m] Started Uncomplicated firewall.
[   22.505188] systemd[1]: Started Create list of required static device nodes for the current kernel.
[[0;32m  OK  [0m] Started Creat[   22.608320] iscsi: registered transport (iser)
e list of required sta...ce nodes for the current kernel.
[   22.632681] systemd[1]: Started Nameserver information manager.
[[0;32m  OK  [0m] Started Nameserver information manager.
[   22.645271] systemd[1]: Started Load Kernel Modules.
[[0;32m  OK  [0m] Started Load Kernel Modules.
[   22.654209] systemd[1]: Started Journal Service.
[[0;32m  OK  [0m] Started Journal Service.
[[0;32m  OK  [0m] Started LVM2 metadata daemon.
         Starting Apply Kernel Variables...
         Mounting FUSE Control File System...
         Starting Create Static Device Nodes in /dev...
         Starting udev Coldplug all Devices...
         Starting Flush Journal to Persistent Storage...
         Starting Load/Save Random Seed...
[[0;32m  OK  [0m] Mounted FUSE Control File System.
[[0;32m  OK  [0m] Started Apply Kernel Variables.
[[0;32m  OK  [0m] Started Create Static Device Nodes in /dev.
[[0;32m  OK  [0m] Started Load/Save Random Seed.
[[0;32m  OK  [0m] Started udev Coldplug all Devices.
         Starting udev Kernel Device Manager...
[[0;32m  OK  [0m] Started Flush Journal to Persistent Storage.
[[0;32m  OK  [0m] Started udev Kernel Device Manager.
[[0;32m  OK  [0m] Started Dispatch Password Requests to Console Directory Watch.
[[0;32m  OK  [0m] Started Monitoring of LVM2 mirrors,...ng dmeventd or progress polling.
[[0;32m  OK  [0m] Reached target Local File Systems (Pre).
[[0;32m  OK  [0m] Reached target Local File Systems.
         Starting Initial cloud-init job (pre-networking)...
         Starting Create Volatile Files and Directories...
         Starting LSB: AppArmor initialization...
         Starting Set console font and keymap...
         Starting Tell Plymouth To Write Out Runtime Data...
         Starting Commit a transient machine-id on disk...
[[0;32m  OK  [0m] Started Create Volatile Files and Directories.
         Starting Update UTMP about System Boot/Shutdown...
         Starting Network Time Synchronization...
[[0;32m  OK  [0m] Started Tell Plymouth To Write Out Runtime Data.
[[0;32m  OK  [0m] Started Commit a transient machine-id on disk.
[[0;32m  OK  [0m] Started Update UTMP about System Boot/Shutdown.
[[0;32m  OK  [0m] Started Network Time Synchronization.
[[0;32m  OK  [0m] Reached target System Time Synchronized.
[[0;32m  OK  [0m] Found device /dev/ttyS0.
[[0;32m  OK  [0m] Listening on Load/Save RF Kill Switch Status /dev/rfkill Watch.
[[0;32m  OK  [0m] Started Set console font and keymap.
[[0;32m  OK  [0m] Created slice system-getty.slice.
[[0;32m  OK  [0m] Started LSB: AppArmor initialization.
[[0;32m  OK  [0m] Reached target System Initialization.
[[0;32m  OK  [0m] Listening on ACPID Listen Socket.
[[0;32m  OK  [0m] Started Trigger resolvconf update for networkd DNS.
[[0;32m  OK  [0m] Started Daily Cleanup of Temporary Directories.
         Starting LXD - unix socket.
[[0;32m  OK  [0m] Started Timer to automatically refresh installed snaps.
[[0;32m  OK  [0m] Listening on UUID daemon activation socket.
         Starting Socket activation for snappy daemon.
[[0;32m  OK  [0m] Started ACPI Events Check.
[[0;32m  OK  [0m] Reached target Paths.
[[0;32m  OK  [0m] Started Daily apt activities.
[[0;32m  OK  [0m] Reached target Timers.
[[0;32m  OK  [0m] Listening on D-Bus System Message Bus Socket.
[[0;32m  OK  [0m] Listening on LXD - unix socket.
[[0;32m  OK  [0m] Listening on Socket activation for snappy daemon.
[[0;32m  OK  [0m] Reached target Sockets.
[[0;32m  OK  [0m] Reached target Basic System.
[[0;32m  OK  [0m] Started Regular background program processing daemon.
[[0;32m  OK  [0m] Started Snappy daemon.
[[0;32m  OK  [0m] Started D-Bus System Message Bus.
         Starting Login Service...
         Starting Accounts Service...
[[0;32m  OK  [0m] Started Deferred execution scheduler.
         Starting LSB: MD monitoring daemon...
[[0;32m  OK  [0m] Started FUSE filesystem for LXC.
         Starting System Logging Service...
         Starting LSB: Record successful boot for GRUB...
[[0;32m  OK  [0m] Started ACPI event daemon.
         Starting LXD - container startup/shutdown...
[[0;32m  OK  [0m] Started Login Service.
[[0;32m  OK  [0m] Started LSB: Record successful boot for GRUB.
[[0;32m  OK  [0m] Started LSB: MD monitoring daemon.
[[0;32m  OK  [0m] Started System Logging Service.
         Starting Authenticate and Authorize Users to Run Privileged Tasks...
[[0;32m  OK  [0m] Started Authenticate and Authorize Users to Run Privileged Tasks.
[[0;32m  OK  [0m] Started Accounts Service.
[[0;32m  OK  [0m] Started LXD - container startup/shutdown.
[   29.515339] cloud-init[971]: Cloud-init v. 0.7.7 running 'init-local' at Tue, 16 Aug 2016 15:08:35 +0000. Up 28.84 seconds.
[[0;32m  OK  [0m] Started Initial cloud-init job (pre-networking).
[[0;32m  OK  [0m] Reached target Network (Pre).
         Starting Raise network interfaces...
[[0;32m  OK  [0m] Started Raise network interfaces.
         Starting Initial cloud-init job (metadata service crawler)...
[[0;32m  OK  [0m] Reached target Network.
[   32.682718] cloud-init[2027]: Cloud-init v. 0.7.7 running 'init' at Tue, 16 Aug 2016 15:08:37 +0000. Up 30.49 seconds.
[   32.693881] cloud-init[2027]: ci-info: +++++++++++++++++++++++++++++++++++++Net device info++++++++++++++++++++++++++++++++++++++
[   32.726511] cloud-init[2027]: ci-info: +--------+------+----------------------------+---------------+-------+-------------------+
[   32.733175] cloud-init[2027]: ci-info: | Device |  Up  |          Address           |      Mask     | Scope |     Hw-Address    |
[   32.738746] cloud-init[2027]: ci-info: +--------+------+----------------------------+---------------+-------+-------------------+
[   32.743318] cloud-init[2027]: ci-info: | enp0s3 | True |         10.0.2.15          | 255.255.255.0 |   .   | 02:af:4b:8e:d4:f5 |
[   32.748889] cloud-init[2027]: ci-info: | enp0s3 | True | fe80::af:4bff:fe8e:d4f5/64 |       .       |  link | 02:af:4b:8e:d4:f5 |
[[   32.805425] cloud-init[2027]: ci-info: |   lo   | True |         127.0.0.1          |   255.0.0.0   |   .   |         .         |
[0;32m  OK  [0m] Started Initial cloud-init job (metadata service crawler).
[   32.805964] cloud-init[2027]: ci-info: |   lo   | True |          ::1/128           |       .       |  host |         .         |
[   32.864632] cloud-init[2027]: ci-info: +--------+------+----------------------------+---------------+-------+-------------------+
[   32.865044] cloud-init[2027]: ci-info: +++++++++++++++++++++++++++Route IPv4 info++++++++++++++++++++++++++++
[[0;32m  OK  [0m] Reached target Cloud-config availability.
[   32.865282] cloud-init[2027]: ci-info: +-------+-------------+----------+---------------+-----------+-------+
[   32.958318] cloud-init[2027]: ci-info: | Route | Destination | Gateway  |    Genmask    | Interface | Flags |
[   32.958427] cloud-init[2027]: ci-info: +-------+-------------+----------+---------------+-----------+-------+
[   32.958531] cloud-init[2027]: ci-info: |   0   |   0.0.0.0   | 10.0.2.2 |    0.0.0.0    |   enp0s3  |   UG  |
[[0;32m  OK  [0m] Reached target Network is Online.
[   32.958705] cloud-init[2027]: ci-info: |   1   |   10.0.2.0  | 0.0.0.0  | 255.255.255.0 |   enp0s3  |   U   |
[   32.958821] cloud-init[2027]: ci-info: +-------+-------------+----------+---------------+-----------+-------+
[   33.046229] cloud-init[2027]: Generating public/private rsa key pair.
[   33.056705] cloud-init[2027]: Your identification has been saved in /etc/ssh/ssh_host_rsa_key.
[   33.065126]          cloud-initStarting iSCSI initiator daemon (iscsid)...[2027]: 
Your public key has been saved in /etc/ssh/ssh_host_rsa_key.pub.
         Starting Apply the settings specified in cloud-config...
         Starting /etc/rc.local Compatibility...
[   33.076197] cloud-init[2027]: The key fingerprint is:
         Starting Seed the pseudo random number generator on first boot...
[   33.231966] cloud-init[2027]: SHA256:4ua+leoNREihqttHcHMnS78elABU2S7wDhGWkGoGw20 root@ubuntu-xenial
[[0;32m  OK  [0m] Started /etc/rc.local Compatibility.
[[0;32m  OK  [0m] Started iSCSI initiator daemon (iscsid).
[   33.275761] cloud-init[2027]: The key's randomart image is:
[   33.360605] cloud-init[2027]: +---[RSA 2048]----+
[   33.437719] cloud-init[2027]: |. o+B=.o         |
[   33.444540] cloud-init[2027]: |o..E+o. .        |
[   33.444991] cloud-init[2027]: |.oo .+o.         |
         Starting Login to default iSCSI targets...
[   33.445198] cloud-init[2027]: |.+. +.*.o.       |
[   33.540478] cloud-init[2027]: |+  o *o*S        |
[   33.555982] cloud-init[2027]: |.   .ooo..       |
[   33.572690] cloud-init[2027]: |.  .  + +.       |
[   33.580709] cloud-init[2027]: | o  .o =..       |
[   33.596473] cloud-init[2027]: |. .. o*oo        |
[   33.627993] cloud-init[2027]: +----[SHA256]-----+
[   33.634784] cloud-init[2027]: Generating public/private dsa key pair.
[[0;32m  OK  [0m] Started Login to default iSCSI targets.
[[0;32m  OK  [0m] Reached target Remote File Systems (Pre).
[[0;32m  OK  [0m] Reached target Remote File Systems.
[   33.666036] cloud-init[2027]: Your identification has been saved in /etc/ssh/ssh_host_dsa_key.
[   33.781384] cloud-init[2027]: Your public key has been saved in /etc/ssh/ssh_host_dsa_key.pub.
         Starting LSB: daemon to balance interrupts for SMP systems...
         Starting LSB: Set the CPU Frequency Scaling governor to "ondemand"...
         Starting Permit User Sessions...
         Starting LSB: automatic crash report generation...
[   33.798063] cloud-init[2027]: The key fingerprint is:
[   33.826773] cloud-init[2027]: SHA256:zQk9m7xCpJnCp5HXmifHdN5VSq2dYO8daNsL/TqOP5E root@ubuntu-xenial
[   33.831377] cloud-init[2027]: The key's randomart image is:
[   33.844739] cloud-init[2027]: +---[DSA 1024]----+
[[0;32m  OK  [0m] Started LSB: Set the CPU Frequency Scaling governor to "ondemand".
[[0;32m  OK  [0m] Started Permit User Sessions.[   33.868132] cloud-init[2027]: |                 |

[   33.929066] cloud-init[2027]: |         .     . |
[[0;32m  OK  [0m] Started LSB: daemon to balance interrupts for SMP systems.
[   33.929670] cloud-init[2027]: |        o o  o. o|
[   33.967725] cloud-init[2027]: |   . . * = =..+=.|
[   33.976184] cloud-init[2027]: |    = * S O  o+=.|
[   33.983520] cloud-init[2027]: |     * * o o..E o|
[   34.024624]          cloud-initStarting Terminate Plymouth Boot Screen...[2027]: 
|    . + = o .o =.|
         [   34.060614] Starting Hold until boot process finishes up...cloud-init
[2027]: |       + .   .+ o|
[   34.060950] cloud-init[2027]: |            .o+=.|
[   34.081049] cloud-init[2027]: +----[SHA256]-----+
[   34.081548] cloud-init[2027]: Generating public/private ecdsa key pair.
[[0;32m  OK  [0m] Started LSB: automatic crash report generation.
[[0;32m  OK  [0m] Started Terminate Plymouth Boot Screen.
[[0;32m  OK  [0m] Started Hold until boot process finishes up.
[   34.081788] cloud-init[2027]: Your identification has been saved in /etc/ssh/ssh_host_ecdsa_key.
[   34.164576] cloud-init[2027]: Your public key has been saved in /etc/ssh/ssh_host_ecdsa_key.pub.
[   34.165178] cloud-init[2027]: The key fingerprint is:
[[0;32m  OK  [0m] Started Getty on tty1.
[   34.165360] cloud-init[2027]: SHA256:DwcV5UpxmRvCWUqeYCZsnVcnZtuI3SCIH8rBHTs3zR8 root@ubuntu-xenial
[   34.290786] cloud-init[2027]: The key's randomart image is:
[   34.291259] cloud-init[2027]: +---[ECDSA 256]---+
         Starting Set console scheme...
[   34.291428] cloud-init[2027]: |     o.+==**Xo.  |
[   34.314564] cloud-init[2027]: |      *+**=#+O   |
[[0;32m  OK  [0m] [   34.348514] cloud-init[2027]: |     o ++oO.BoE  |
[   34.352886] cloud-init[2027]: |      o .= o.. . |
[   34.353007] cloud-init[2027]: |        S o   .  |
[   34.353119] cloud-init[2027]: |         +       |
[   34.353228] cloud-init[2027]: |          .      |
[   34.353335] cloud-init[2027]: |                 |
[   34.353443] cloud-init[2027]: |                 |
[   34.353551] cloud-init[2027]: +----[SHA256]-----+
[   34.353657] cloud-init[2027]: Generating public/private ed25519 key pair.
[   34.353776] cloud-init[2027]: Your identification has been saved in /etc/ssh/ssh_host_ed25519_key.
[   34.353901] cloud-init[2027]: Your public key has been saved in /etc/ssh/ssh_host_ed25519_key.pub.
[   34.354016] cloud-init[2027]: The key fingerprint is:
[   34.354124] cloud-init[2027]: SHA256:RYfKWcjiV3pX7ieZ92C8MDkVhmR1Srp3veADR0cjMj0 root@ubuntu-xenial
[   34.354236] cloud-init[2027]: The key's randomart image is:
[   34.354343] cloud-init[2027]: +--[ED25519 256]--+
[   34.354462] cloud-init[2027]: |       . ..==+oo.|
[   34.354599] cloud-init[2027]: |      . o.+o+E*o.|
[   34.354793] cloud-init[2027]: |     . o *. .=oo |
[   34.354941] cloud-init[2027]: |      . *.. o.+ .|
[   34.355076] cloud-init[2027]: |       .S. o.B.oo|
[   34.355183] cloud-init[2027]: |            O.X.+|
[   34.355267] cloud-init[2027]: |             B B.|
[   34.355356] cloud-init[2027]: |              o .|
[   34.355442] cloud-init[2027]: |                 |
[   34.355531] cloud-init[2027]: +----[SHA256]-----+
Started Serial Getty on ttyS0.
[[0;32m  OK  [0m] Reached target Login Prompts.
[[0;32m  OK  [0m] Started Set console scheme.
[   34.360895] cloud-init[2115]: Generating locales (this might take a while)...
[[0;32m  OK  [0m] Started Seed the pseudo random number generator on first boot.
         Starting OpenBSD Secure Shell server...
[[0;32m  OK  [0m] Started OpenBSD Secure Shell server.
[   35.728947] cloud-init[2115]:   en_US.UTF-8... done
[   35.740867] cloud-init[2115]: Generation complete.
         Stopping OpenBSD Secure Shell server...
[[0;32m  OK  [0m] Stopped OpenBSD Secure Shell server.
         Starting OpenBSD Secure Shell server...
[[0;32m  OK  [0m] Started OpenBSD Secure Shell server.
[[0;32m  OK  [0m] Created slice User Slice of ubuntu.
         Starting User Manager for UID 1000...
[[0;32m  OK  [0m] Started Session 1 of user ubuntu.
[[0;32m  OK  [0m] Started User Manager for UID 1000.
[   37.557229] cloud-init[2115]: Cloud-init v. 0.7.7 running 'modules:config' at Tue, 16 Aug 2016 15:08:40 +0000. Up 33.71 seconds.
[[0;32m  OK  [0m] Started Apply the settings specified in cloud-config.
         Starting Execute cloud user/final scripts...
ci-info: no authorized ssh keys fingerprints found for user ubuntu.
<14>Aug 16 15:08:45 ec2: 
<14>Aug 16 15:08:45 ec2: #############################################################
<14>Aug 16 15:08:45 ec2: -----BEGIN SSH HOST KEY FINGERPRINTS-----
<14>Aug 16 15:08:45 ec2: 1024 SHA256:zQk9m7xCpJnCp5HXmifHdN5VSq2dYO8daNsL/TqOP5E root@ubuntu-xenial (DSA)
<14>Aug 16 15:08:45 ec2: 256 SHA256:DwcV5UpxmRvCWUqeYCZsnVcnZtuI3SCIH8rBHTs3zR8 root@ubuntu-xenial (ECDSA)
<14>Aug 16 15:08:45 ec2: 256 SHA256:RYfKWcjiV3pX7ieZ92C8MDkVhmR1Srp3veADR0cjMj0 root@ubuntu-xenial (ED25519)
<14>Aug 16 15:08:45 ec2: 2048 SHA256:4ua+leoNREihqttHcHMnS78elABU2S7wDhGWkGoGw20 root@ubuntu-xenial (RSA)
<14>Aug 16 15:08:45 ec2: -----END SSH HOST KEY FINGERPRINTS-----
<14>Aug 16 15:08:45 ec2: #############################################################
-----BEGIN SSH HOST KEY KEYS-----
ecdsa-sha2-nistp256 AAAAE2VjZHNhLXNoYTItbmlzdHAyNTYAAAAIbmlzdHAyNTYAAABBBLdDAgInlJTph6Ob9e28NPrihzB+XEeAzl0oaSeOcEl9jRKg9FBfKeAzNXMmLa36Z6ofIUX2Lwti4PjEjk/JHVQ= root@ubuntu-xenial
ssh-ed25519 AAAAC3NzaC1lZDI1NTE5AAAAIE6hF7eSgsD2xwu+SCo1KjRzy/WbCpiT8mkh6TnpwauD root@ubuntu-xenial
ssh-rsa AAAAB3NzaC1yc2EAAAADAQABAAABAQC+h6OE+f8iW0vWhvsAlKDQGrL7V7pUUlvsR13MzQVyM5IUxxMfyvM92DsA1+KMJH39WQxfw+mxFvSZd74kHuBXWINHZ9GUjeF8KbkWiZ123ol9F1f93dT0FdfAugKqhB3zx4Rds0b1giFFRaA8KpZwvFHvKVRExoFNqKXsjLj7gQRJIABYlfqVNV18wemDt80rkffwVSs9gZM+JU6soK9fRFBq1Gx5wmf97Z42T7a9e+9VNCkX/SMVB8Hfy2yi+9bUChlhvsmnG7f4KSnXPIqn0m+5iqygkKT5YDtoWtrfSEPmYHa3G8P1q8ToiWRaNuqJgJJexIdyDgQREKp/eAr9 root@ubuntu-xenial
-----END SSH HOST KEY KEYS-----
[   39.086679] cloud-init[2362]: Cloud-init v. 0.7.7 running 'modules:final' at Tue, 16 Aug 2016 15:08:44 +0000. Up 38.39 seconds.
[   39.098252] cloud-init[2362]: ci-info: no authorized ssh keys fingerprints found for user ubuntu.
[   39.105826] cloud-init[2362]: Cloud-init v. 0.7.7 finished at Tue, 16 Aug 2016 15:08:45 +0000. Datasource DataSourceNoCloud [seed=/dev/sdb][dsmode=net].  Up 39.05 seconds

Ubuntu 16.04.1 LTS ubuntu-xenial ttyS0

ubuntu-xenial login: 